<?xml version="1.0" encoding="UTF-8"?>
<testng-results retried="1" ignored="0" total="7" passed="5" failed="1" skipped="0">
  <reporter-output>
  </reporter-output>
  <suite started-at="2025-08-29T15:59:53 IST" name="Suite" finished-at="2025-08-29T16:02:01 IST" duration-ms="127513">
    <groups>
      <group name="ErrorHandling">
        <method signature="ErrorValidation.ErrorNoProductFound()[pri:0, instance:pranayTest.ErrorValidation@78a773fd]" name="ErrorNoProductFound" class="pranayTest.ErrorValidation"/>
        <method signature="ErrorValidation.ErrorValidation()[pri:0, instance:pranayTest.ErrorValidation@78a773fd]" name="ErrorValidation" class="pranayTest.ErrorValidation"/>
      </group> <!-- ErrorHandling -->
      <group name="purchase">
        <method signature="SubmitOrder.SubmitOrder(java.util.HashMap)[pri:0, instance:pranayTest.SubmitOrder@31edaa7d]" name="SubmitOrder" class="pranayTest.SubmitOrder"/>
      </group> <!-- purchase -->
    </groups>
    <test started-at="2025-08-29T15:59:53 IST" name="SubmitOrder" finished-at="2025-08-29T16:01:25 IST" duration-ms="91689">
      <class name="pranayTest.SubmitOrder">
        <test-method is-config="true" signature="launchApplication()[pri:0, instance:pranayTest.SubmitOrder@31edaa7d]" started-at="2025-08-29T15:59:54 IST" name="launchApplication" finished-at="2025-08-29T16:00:03 IST" duration-ms="9275" status="PASS">
          <reporter-output>
          </reporter-output>
        </test-method> <!-- launchApplication -->
        <test-method signature="SubmitOrder(java.util.HashMap)[pri:0, instance:pranayTest.SubmitOrder@31edaa7d]" started-at="2025-08-29T16:00:03 IST" name="SubmitOrder" description="Place an order and verify success message" data-provider="getData1" finished-at="2025-08-29T16:00:10 IST" duration-ms="6128" status="PASS">
          <params>
            <param index="0">
              <value>
                <![CDATA[{password=Star1234, product_name=Pant, email=bardepkk@gmail.com}]]>
              </value>
            </param>
          </params>
          <reporter-output>
          </reporter-output>
        </test-method> <!-- SubmitOrder -->
        <test-method is-config="true" signature="tearDown()[pri:0, instance:pranayTest.SubmitOrder@31edaa7d]" started-at="2025-08-29T16:00:10 IST" name="tearDown" finished-at="2025-08-29T16:00:10 IST" duration-ms="148" status="PASS">
          <reporter-output>
          </reporter-output>
        </test-method> <!-- tearDown -->
        <test-method is-config="true" signature="launchApplication()[pri:0, instance:pranayTest.SubmitOrder@31edaa7d]" started-at="2025-08-29T16:00:10 IST" name="launchApplication" finished-at="2025-08-29T16:00:15 IST" duration-ms="5598" status="PASS">
          <reporter-output>
          </reporter-output>
        </test-method> <!-- launchApplication -->
        <test-method signature="SubmitOrder(java.util.HashMap)[pri:0, instance:pranayTest.SubmitOrder@31edaa7d]" started-at="2025-08-29T16:00:15 IST" name="SubmitOrder" description="Place an order and verify success message" data-provider="getData1" finished-at="2025-08-29T16:00:25 IST" duration-ms="9255" status="PASS">
          <params>
            <param index="0">
              <value>
                <![CDATA[{password=Abcd1234@, product_name=ADIDAS ORIGINAL, email=pranaybn@gmail.com}]]>
              </value>
            </param>
          </params>
          <reporter-output>
          </reporter-output>
        </test-method> <!-- SubmitOrder -->
        <test-method is-config="true" signature="tearDown()[pri:0, instance:pranayTest.SubmitOrder@31edaa7d]" started-at="2025-08-29T16:00:25 IST" name="tearDown" finished-at="2025-08-29T16:00:25 IST" duration-ms="190" status="PASS">
          <reporter-output>
          </reporter-output>
        </test-method> <!-- tearDown -->
        <test-method is-config="true" signature="launchApplication()[pri:0, instance:pranayTest.SubmitOrder@31edaa7d]" started-at="2025-08-29T16:00:25 IST" name="launchApplication" finished-at="2025-08-29T16:00:27 IST" duration-ms="2299" status="PASS">
          <reporter-output>
          </reporter-output>
        </test-method> <!-- launchApplication -->
        <test-method signature="orderHistory(java.lang.String,java.lang.String,java.lang.String)[pri:0, instance:pranayTest.SubmitOrder@31edaa7d]" started-at="2025-08-29T16:00:27 IST" name="orderHistory" description="Verify order history and deletion" data-provider="getData2" finished-at="2025-08-29T16:00:50 IST" depends-on-methods="pranayTest.SubmitOrder.SubmitOrder" duration-ms="23011" status="PASS">
          <params>
            <param index="0">
              <value>
                <![CDATA[bardepkk@gmail.com]]>
              </value>
            </param>
            <param index="1">
              <value>
                <![CDATA[Star1234]]>
              </value>
            </param>
            <param index="2">
              <value>
                <![CDATA[Pant]]>
              </value>
            </param>
          </params>
          <reporter-output>
          </reporter-output>
        </test-method> <!-- orderHistory -->
        <test-method is-config="true" signature="tearDown()[pri:0, instance:pranayTest.SubmitOrder@31edaa7d]" started-at="2025-08-29T16:00:50 IST" name="tearDown" finished-at="2025-08-29T16:00:51 IST" duration-ms="594" status="PASS">
          <reporter-output>
          </reporter-output>
        </test-method> <!-- tearDown -->
        <test-method is-config="true" signature="launchApplication()[pri:0, instance:pranayTest.SubmitOrder@31edaa7d]" started-at="2025-08-29T16:00:51 IST" name="launchApplication" finished-at="2025-08-29T16:01:04 IST" duration-ms="13067" status="PASS">
          <reporter-output>
          </reporter-output>
        </test-method> <!-- launchApplication -->
        <test-method retried="true" signature="orderHistory(java.lang.String,java.lang.String,java.lang.String)[pri:0, instance:pranayTest.SubmitOrder@31edaa7d]" started-at="2025-08-29T16:01:04 IST" name="orderHistory" description="Verify order history and deletion" data-provider="getData2" finished-at="2025-08-29T16:01:08 IST" depends-on-methods="pranayTest.SubmitOrder.SubmitOrder" duration-ms="4303" status="SKIP">
          <params>
            <param index="0">
              <value>
                <![CDATA[pranaybn@gmail.com]]>
              </value>
            </param>
            <param index="1">
              <value>
                <![CDATA[Abcd1234@]]>
              </value>
            </param>
            <param index="2">
              <value>
                <![CDATA[ADIDAS ORIGINAL]]>
              </value>
            </param>
          </params>
          <exception class="org.openqa.selenium.StaleElementReferenceException">
            <message>
              <![CDATA[stale element reference: stale element not found in the current frame
  (Session info: chrome=139.0.7258.139)
For documentation on this error, please visit: https://www.selenium.dev/documentation/webdriver/troubleshooting/errors#stale-element-reference-exception
Build info: version: '4.35.0', revision: '1c58e5028b'
System info: os.name: 'Windows 10', os.arch: 'amd64', os.version: '10.0', java.version: '17.0.12'
Driver info: org.openqa.selenium.chrome.ChromeDriver
Command: [b1120791628d9159488b6617cc12fec1, isElementDisplayed {id=f.DDBDF3EE6A79291A8D248A9D4F17C7A0.d.87F8C5F4735832A22C1824D0F71AFF33.e.102}]
Capabilities {acceptInsecureCerts: false, browserName: chrome, browserVersion: 139.0.7258.139, chrome: {chromedriverVersion: 139.0.7258.154 (9e0d6b2b47f..., userDataDir: C:\Users\Admin\AppData\Loca...}, fedcm:accounts: true, goog:chromeOptions: {debuggerAddress: localhost:55545}, networkConnectionEnabled: false, pageLoadStrategy: normal, platformName: windows, proxy: Proxy(), se:cdp: ws://localhost:55545/devtoo..., se:cdpVersion: 139.0.7258.139, setWindowRect: true, strictFileInteractability: false, timeouts: {implicit: 0, pageLoad: 300000, script: 30000}, unhandledPromptBehavior: dismiss and notify, webauthn:extension:credBlob: true, webauthn:extension:largeBlob: true, webauthn:extension:minPinLength: true, webauthn:extension:prf: true, webauthn:virtualAuthenticators: true}
Element: [[ChromeDriver: chrome on windows (b1120791628d9159488b6617cc12fec1)] -> xpath: //tr[td[2][normalize-space()='ADIDAS ORIGINAL']]//button[contains(text(),'Delete')]]
Session ID: b1120791628d9159488b6617cc12fec1]]>
            </message>
            <full-stacktrace>
              <![CDATA[org.openqa.selenium.StaleElementReferenceException: stale element reference: stale element not found in the current frame
  (Session info: chrome=139.0.7258.139)
For documentation on this error, please visit: https://www.selenium.dev/documentation/webdriver/troubleshooting/errors#stale-element-reference-exception
Build info: version: '4.35.0', revision: '1c58e5028b'
System info: os.name: 'Windows 10', os.arch: 'amd64', os.version: '10.0', java.version: '17.0.12'
Driver info: org.openqa.selenium.chrome.ChromeDriver
Command: [b1120791628d9159488b6617cc12fec1, isElementDisplayed {id=f.DDBDF3EE6A79291A8D248A9D4F17C7A0.d.87F8C5F4735832A22C1824D0F71AFF33.e.102}]
Capabilities {acceptInsecureCerts: false, browserName: chrome, browserVersion: 139.0.7258.139, chrome: {chromedriverVersion: 139.0.7258.154 (9e0d6b2b47f..., userDataDir: C:\Users\Admin\AppData\Loca...}, fedcm:accounts: true, goog:chromeOptions: {debuggerAddress: localhost:55545}, networkConnectionEnabled: false, pageLoadStrategy: normal, platformName: windows, proxy: Proxy(), se:cdp: ws://localhost:55545/devtoo..., se:cdpVersion: 139.0.7258.139, setWindowRect: true, strictFileInteractability: false, timeouts: {implicit: 0, pageLoad: 300000, script: 30000}, unhandledPromptBehavior: dismiss and notify, webauthn:extension:credBlob: true, webauthn:extension:largeBlob: true, webauthn:extension:minPinLength: true, webauthn:extension:prf: true, webauthn:virtualAuthenticators: true}
Element: [[ChromeDriver: chrome on windows (b1120791628d9159488b6617cc12fec1)] -> xpath: //tr[td[2][normalize-space()='ADIDAS ORIGINAL']]//button[contains(text(),'Delete')]]
Session ID: b1120791628d9159488b6617cc12fec1
at java.base/jdk.internal.reflect.NativeConstructorAccessorImpl.newInstance0(Native Method)
at java.base/jdk.internal.reflect.NativeConstructorAccessorImpl.newInstance(NativeConstructorAccessorImpl.java:77)
at java.base/jdk.internal.reflect.DelegatingConstructorAccessorImpl.newInstance(DelegatingConstructorAccessorImpl.java:45)
at java.base/java.lang.reflect.Constructor.newInstanceWithCaller(Constructor.java:499)
at java.base/java.lang.reflect.Constructor.newInstance(Constructor.java:480)
at org.openqa.selenium.remote.ErrorCodec.decode(ErrorCodec.java:167)
at org.openqa.selenium.remote.codec.w3c.W3CHttpResponseCodec.decode(W3CHttpResponseCodec.java:138)
at org.openqa.selenium.remote.codec.w3c.W3CHttpResponseCodec.decode(W3CHttpResponseCodec.java:50)
at org.openqa.selenium.remote.HttpCommandExecutor.execute(HttpCommandExecutor.java:215)
at org.openqa.selenium.remote.service.DriverCommandExecutor.invokeExecute(DriverCommandExecutor.java:216)
at org.openqa.selenium.remote.service.DriverCommandExecutor.execute(DriverCommandExecutor.java:174)
at org.openqa.selenium.remote.RemoteWebDriver.execute(RemoteWebDriver.java:557)
at org.openqa.selenium.remote.RemoteWebElement.execute(RemoteWebElement.java:223)
at org.openqa.selenium.remote.RemoteWebElement.isDisplayed(RemoteWebElement.java:282)
at org.openqa.selenium.support.ui.ExpectedConditions.elementIfVisible(ExpectedConditions.java:304)
at org.openqa.selenium.support.ui.ExpectedConditions$10.apply(ExpectedConditions.java:290)
at org.openqa.selenium.support.ui.ExpectedConditions$10.apply(ExpectedConditions.java:287)
at org.openqa.selenium.support.ui.ExpectedConditions$23.apply(ExpectedConditions.java:656)
at org.openqa.selenium.support.ui.ExpectedConditions$23.apply(ExpectedConditions.java:652)
at org.openqa.selenium.support.ui.FluentWait.until(FluentWait.java:203)
at pageObject_model.Order.deleteOrder(Order.java:74)
at pranayTest.SubmitOrder.orderHistory(SubmitOrder.java:49)
at java.base/jdk.internal.reflect.NativeMethodAccessorImpl.invoke0(Native Method)
at java.base/jdk.internal.reflect.NativeMethodAccessorImpl.invoke(NativeMethodAccessorImpl.java:77)
at java.base/jdk.internal.reflect.DelegatingMethodAccessorImpl.invoke(DelegatingMethodAccessorImpl.java:43)
at java.base/java.lang.reflect.Method.invoke(Method.java:568)
at org.testng.internal.invokers.MethodInvocationHelper.invokeMethod(MethodInvocationHelper.java:141)
at org.testng.internal.invokers.TestInvoker.invokeMethod(TestInvoker.java:687)
at org.testng.internal.invokers.TestInvoker.invokeTestMethod(TestInvoker.java:230)
at org.testng.internal.invokers.MethodRunner.runInSequence(MethodRunner.java:63)
at org.testng.internal.invokers.TestInvoker$MethodInvocationAgent.invoke(TestInvoker.java:995)
at org.testng.internal.invokers.TestInvoker.invokeTestMethods(TestInvoker.java:203)
at org.testng.internal.invokers.TestMethodWorker.invokeTestMethods(TestMethodWorker.java:154)
at org.testng.internal.invokers.TestMethodWorker.run(TestMethodWorker.java:134)
at java.base/java.util.ArrayList.forEach(ArrayList.java:1511)
at org.testng.TestRunner.privateRun(TestRunner.java:741)
at org.testng.TestRunner.run(TestRunner.java:616)
at org.testng.SuiteRunner.runTest(SuiteRunner.java:421)
at org.testng.SuiteRunner.runSequentially(SuiteRunner.java:413)
at org.testng.SuiteRunner.privateRun(SuiteRunner.java:373)
at org.testng.SuiteRunner.run(SuiteRunner.java:312)
at org.testng.SuiteRunnerWorker.runSuite(SuiteRunnerWorker.java:52)
at org.testng.SuiteRunnerWorker.run(SuiteRunnerWorker.java:95)
at org.testng.TestNG.runSuitesSequentially(TestNG.java:1274)
at org.testng.TestNG.runSuitesLocally(TestNG.java:1208)
at org.testng.TestNG.runSuites(TestNG.java:1112)
at org.testng.TestNG.run(TestNG.java:1079)
at org.apache.maven.surefire.testng.TestNGExecutor.run(TestNGExecutor.java:308)
at org.apache.maven.surefire.testng.TestNGXmlTestSuite.execute(TestNGXmlTestSuite.java:71)
at org.apache.maven.surefire.testng.TestNGProvider.invoke(TestNGProvider.java:113)
at org.apache.maven.surefire.booter.ForkedBooter.runSuitesInProcess(ForkedBooter.java:385)
at org.apache.maven.surefire.booter.ForkedBooter.execute(ForkedBooter.java:162)
at org.apache.maven.surefire.booter.ForkedBooter.run(ForkedBooter.java:507)
at org.apache.maven.surefire.booter.ForkedBooter.main(ForkedBooter.java:495)
]]>
            </full-stacktrace>
          </exception> <!-- org.openqa.selenium.StaleElementReferenceException -->
          <reporter-output>
          </reporter-output>
        </test-method> <!-- orderHistory -->
        <test-method is-config="true" signature="tearDown()[pri:0, instance:pranayTest.SubmitOrder@31edaa7d]" started-at="2025-08-29T16:01:08 IST" name="tearDown" finished-at="2025-08-29T16:01:09 IST" duration-ms="526" status="PASS">
          <reporter-output>
          </reporter-output>
        </test-method> <!-- tearDown -->
        <test-method is-config="true" signature="launchApplication()[pri:0, instance:pranayTest.SubmitOrder@31edaa7d]" started-at="2025-08-29T16:01:09 IST" name="launchApplication" finished-at="2025-08-29T16:01:19 IST" duration-ms="10624" status="PASS">
          <reporter-output>
          </reporter-output>
        </test-method> <!-- launchApplication -->
        <test-method signature="orderHistory(java.lang.String,java.lang.String,java.lang.String)[pri:0, instance:pranayTest.SubmitOrder@31edaa7d]" started-at="2025-08-29T16:01:19 IST" name="orderHistory" description="Verify order history and deletion" data-provider="getData2" finished-at="2025-08-29T16:01:24 IST" depends-on-methods="pranayTest.SubmitOrder.SubmitOrder" duration-ms="4714" status="FAIL">
          <params>
            <param index="0">
              <value>
                <![CDATA[pranaybn@gmail.com]]>
              </value>
            </param>
            <param index="1">
              <value>
                <![CDATA[Abcd1234@]]>
              </value>
            </param>
            <param index="2">
              <value>
                <![CDATA[ADIDAS ORIGINAL]]>
              </value>
            </param>
          </params>
          <exception class="java.lang.AssertionError">
            <message>
              <![CDATA[expected [true] but found [false]]]>
            </message>
            <full-stacktrace>
              <![CDATA[java.lang.AssertionError: expected [true] but found [false]
at org.testng.Assert.fail(Assert.java:111)
at org.testng.Assert.failNotEquals(Assert.java:1590)
at org.testng.Assert.assertTrue(Assert.java:57)
at org.testng.Assert.assertTrue(Assert.java:67)
at pranayTest.SubmitOrder.orderHistory(SubmitOrder.java:48)
at java.base/jdk.internal.reflect.NativeMethodAccessorImpl.invoke0(Native Method)
at java.base/jdk.internal.reflect.NativeMethodAccessorImpl.invoke(NativeMethodAccessorImpl.java:77)
at java.base/jdk.internal.reflect.DelegatingMethodAccessorImpl.invoke(DelegatingMethodAccessorImpl.java:43)
at java.base/java.lang.reflect.Method.invoke(Method.java:568)
at org.testng.internal.invokers.MethodInvocationHelper.invokeMethod(MethodInvocationHelper.java:141)
at org.testng.internal.invokers.TestInvoker.invokeMethod(TestInvoker.java:687)
at org.testng.internal.invokers.TestInvoker.retryFailed(TestInvoker.java:269)
at org.testng.internal.invokers.MethodRunner.runInSequence(MethodRunner.java:76)
at org.testng.internal.invokers.TestInvoker$MethodInvocationAgent.invoke(TestInvoker.java:995)
at org.testng.internal.invokers.TestInvoker.invokeTestMethods(TestInvoker.java:203)
at org.testng.internal.invokers.TestMethodWorker.invokeTestMethods(TestMethodWorker.java:154)
at org.testng.internal.invokers.TestMethodWorker.run(TestMethodWorker.java:134)
at java.base/java.util.ArrayList.forEach(ArrayList.java:1511)
at org.testng.TestRunner.privateRun(TestRunner.java:741)
at org.testng.TestRunner.run(TestRunner.java:616)
at org.testng.SuiteRunner.runTest(SuiteRunner.java:421)
at org.testng.SuiteRunner.runSequentially(SuiteRunner.java:413)
at org.testng.SuiteRunner.privateRun(SuiteRunner.java:373)
at org.testng.SuiteRunner.run(SuiteRunner.java:312)
at org.testng.SuiteRunnerWorker.runSuite(SuiteRunnerWorker.java:52)
at org.testng.SuiteRunnerWorker.run(SuiteRunnerWorker.java:95)
at org.testng.TestNG.runSuitesSequentially(TestNG.java:1274)
at org.testng.TestNG.runSuitesLocally(TestNG.java:1208)
at org.testng.TestNG.runSuites(TestNG.java:1112)
at org.testng.TestNG.run(TestNG.java:1079)
at org.apache.maven.surefire.testng.TestNGExecutor.run(TestNGExecutor.java:308)
at org.apache.maven.surefire.testng.TestNGXmlTestSuite.execute(TestNGXmlTestSuite.java:71)
at org.apache.maven.surefire.testng.TestNGProvider.invoke(TestNGProvider.java:113)
at org.apache.maven.surefire.booter.ForkedBooter.runSuitesInProcess(ForkedBooter.java:385)
at org.apache.maven.surefire.booter.ForkedBooter.execute(ForkedBooter.java:162)
at org.apache.maven.surefire.booter.ForkedBooter.run(ForkedBooter.java:507)
at org.apache.maven.surefire.booter.ForkedBooter.main(ForkedBooter.java:495)
]]>
            </full-stacktrace>
          </exception> <!-- java.lang.AssertionError -->
          <reporter-output>
          </reporter-output>
        </test-method> <!-- orderHistory -->
        <test-method is-config="true" signature="tearDown()[pri:0, instance:pranayTest.SubmitOrder@31edaa7d]" started-at="2025-08-29T16:01:24 IST" name="tearDown" finished-at="2025-08-29T16:01:25 IST" duration-ms="812" status="PASS">
          <reporter-output>
          </reporter-output>
        </test-method> <!-- tearDown -->
      </class> <!-- pranayTest.SubmitOrder -->
    </test> <!-- SubmitOrder -->
    <test started-at="2025-08-29T16:01:27 IST" name="ErrorValidation" finished-at="2025-08-29T16:02:01 IST" duration-ms="34234">
      <class name="pranayTest.ErrorValidation">
        <test-method is-config="true" signature="launchApplication()[pri:0, instance:pranayTest.ErrorValidation@78a773fd]" started-at="2025-08-29T16:01:27 IST" name="launchApplication" finished-at="2025-08-29T16:01:37 IST" duration-ms="10659" status="PASS">
          <reporter-output>
          </reporter-output>
        </test-method> <!-- launchApplication -->
        <test-method signature="ErrorNoProductFound()[pri:0, instance:pranayTest.ErrorValidation@78a773fd]" started-at="2025-08-29T16:01:37 IST" name="ErrorNoProductFound" finished-at="2025-08-29T16:01:53 IST" duration-ms="15277" status="PASS">
          <reporter-output>
          </reporter-output>
        </test-method> <!-- ErrorNoProductFound -->
        <test-method is-config="true" signature="tearDown()[pri:0, instance:pranayTest.ErrorValidation@78a773fd]" started-at="2025-08-29T16:01:53 IST" name="tearDown" finished-at="2025-08-29T16:01:53 IST" duration-ms="207" status="PASS">
          <reporter-output>
          </reporter-output>
        </test-method> <!-- tearDown -->
        <test-method is-config="true" signature="launchApplication()[pri:0, instance:pranayTest.ErrorValidation@78a773fd]" started-at="2025-08-29T16:01:53 IST" name="launchApplication" finished-at="2025-08-29T16:01:58 IST" duration-ms="5718" status="PASS">
          <reporter-output>
          </reporter-output>
        </test-method> <!-- launchApplication -->
        <test-method signature="ErrorValidation()[pri:0, instance:pranayTest.ErrorValidation@78a773fd]" started-at="2025-08-29T16:01:58 IST" name="ErrorValidation" finished-at="2025-08-29T16:02:01 IST" duration-ms="2157" status="PASS">
          <reporter-output>
          </reporter-output>
        </test-method> <!-- ErrorValidation -->
        <test-method is-config="true" signature="tearDown()[pri:0, instance:pranayTest.ErrorValidation@78a773fd]" started-at="2025-08-29T16:02:01 IST" name="tearDown" finished-at="2025-08-29T16:02:01 IST" duration-ms="207" status="PASS">
          <reporter-output>
          </reporter-output>
        </test-method> <!-- tearDown -->
      </class> <!-- pranayTest.ErrorValidation -->
    </test> <!-- ErrorValidation -->
  </suite> <!-- Suite -->
</testng-results>
